build/app/intermediates/manifest_merge_blame_file/release/manifest-merger-blame-release-report.txt
1<?xml version="1.0" encoding="utf-8"?>
2<manifest xmlns:android="http://schemas.android.com/apk/res/android"
3    package="com.example.exercise_companion"
4    android:versionCode="1"
5    android:versionName="1.0.0" >
6
7    <uses-sdk
8        android:minSdkVersion="19"
8-->src/main/AndroidManifest.xml
9        android:targetSdkVersion="33" />
9-->src/main/AndroidManifest.xml
10
11    <uses-permission android:name="android.permission.ACTIVITY_RECOGNITION" />
11-->src/main/AndroidManifest.xml:2:5-78
11-->src/main/AndroidManifest.xml:2:22-76
12    <uses-permission android:name="android.permission.INTERNET" />
12-->[:firebase_dynamic_links] AndroidManifest.xml:9:5-67
12-->[:firebase_dynamic_links] AndroidManifest.xml:9:22-64
13    <uses-permission android:name="android.permission.ACCESS_NETWORK_STATE" />
13-->[com.google.firebase:firebase-auth:22.2.0] AndroidManifest.xml:26:5-79
13-->[com.google.firebase:firebase-auth:22.2.0] AndroidManifest.xml:26:22-76
14
15    <application
16        android:name="io.flutter.app.FlutterMultiDexApplication"
16-->src/main/AndroidManifest.xml:5:9-42
17        android:appComponentFactory="androidx.core.app.CoreComponentFactory"
17-->[androidx.core:core:1.6.0] AndroidManifest.xml:24:18-86
18        android:icon="@mipmap/ic_launcher"
18-->src/main/AndroidManifest.xml:6:9-43
19        android:label="exercise_companion" >
19-->src/main/AndroidManifest.xml:4:9-43
20        <activity
20-->src/main/AndroidManifest.xml:7:9-27:20
21            android:name="com.example.exercise_companion.MainActivity"
21-->src/main/AndroidManifest.xml:8:13-41
22            android:configChanges="orientation|keyboardHidden|keyboard|screenSize|smallestScreenSize|locale|layoutDirection|fontScale|screenLayout|density|uiMode"
22-->src/main/AndroidManifest.xml:12:13-163
23            android:exported="true"
23-->src/main/AndroidManifest.xml:9:13-36
24            android:hardwareAccelerated="true"
24-->src/main/AndroidManifest.xml:13:13-47
25            android:launchMode="singleTop"
25-->src/main/AndroidManifest.xml:10:13-43
26            android:theme="@style/LaunchTheme"
26-->src/main/AndroidManifest.xml:11:13-47
27            android:windowSoftInputMode="adjustResize" >
27-->src/main/AndroidManifest.xml:14:13-55
28
29            <!--
30                 Specifies an Android theme to apply to this Activity as soon as
31                 the Android process has started. This theme is visible to the user
32                 while the Flutter UI initializes. After that, this theme continues
33                 to determine the Window background behind the Flutter UI.
34            -->
35            <meta-data
35-->src/main/AndroidManifest.xml:19:13-22:17
36                android:name="io.flutter.embedding.android.NormalTheme"
36-->src/main/AndroidManifest.xml:20:15-70
37                android:resource="@style/NormalTheme" />
37-->src/main/AndroidManifest.xml:21:15-52
38
39            <intent-filter>
39-->src/main/AndroidManifest.xml:23:13-26:29
40                <action android:name="android.intent.action.MAIN" />
40-->src/main/AndroidManifest.xml:24:17-68
40-->src/main/AndroidManifest.xml:24:25-66
41
42                <category android:name="android.intent.category.LAUNCHER" />
42-->src/main/AndroidManifest.xml:25:17-76
42-->src/main/AndroidManifest.xml:25:27-74
43            </intent-filter>
44        </activity>
45        <!--
46             Don't delete the meta-data below.
47             This is used by the Flutter tool to generate GeneratedPluginRegistrant.java
48        -->
49        <meta-data
49-->src/main/AndroidManifest.xml:30:9-32:33
50            android:name="flutterEmbedding"
50-->src/main/AndroidManifest.xml:31:13-44
51            android:value="2" />
51-->src/main/AndroidManifest.xml:32:13-30
52
53        <service
53-->[:firebase_auth] AndroidManifest.xml:10:9-14:19
54            android:name="com.google.firebase.components.ComponentDiscoveryService"
54-->[:firebase_auth] AndroidManifest.xml:10:18-89
55            android:directBootAware="true"
55-->[com.google.firebase:firebase-common:20.4.2] AndroidManifest.xml:32:13-43
56            android:exported="false" >
56-->[com.google.firebase:firebase-auth:22.2.0] AndroidManifest.xml:68:13-37
57            <meta-data
57-->[:firebase_auth] AndroidManifest.xml:11:13-13:85
58                android:name="com.google.firebase.components:io.flutter.plugins.firebase.auth.FlutterFirebaseAuthRegistrar"
58-->[:firebase_auth] AndroidManifest.xml:12:17-124
59                android:value="com.google.firebase.components.ComponentRegistrar" />
59-->[:firebase_auth] AndroidManifest.xml:13:17-82
60            <meta-data
60-->[:cloud_firestore] AndroidManifest.xml:11:13-13:85
61                android:name="com.google.firebase.components:io.flutter.plugins.firebase.firestore.FlutterFirebaseFirestoreRegistrar"
61-->[:cloud_firestore] AndroidManifest.xml:12:17-134
62                android:value="com.google.firebase.components.ComponentRegistrar" />
62-->[:cloud_firestore] AndroidManifest.xml:13:17-82
63            <meta-data
63-->[:firebase_dynamic_links] AndroidManifest.xml:13:13-15:85
64                android:name="com.google.firebase.components:io.flutter.plugins.firebase.dynamiclinks.FlutterFirebaseAppRegistrar"
64-->[:firebase_dynamic_links] AndroidManifest.xml:14:17-131
65                android:value="com.google.firebase.components.ComponentRegistrar" />
65-->[:firebase_dynamic_links] AndroidManifest.xml:15:17-82
66            <meta-data
66-->[:firebase_core] AndroidManifest.xml:11:13-13:85
67                android:name="com.google.firebase.components:io.flutter.plugins.firebase.core.FlutterFirebaseCoreRegistrar"
67-->[:firebase_core] AndroidManifest.xml:12:17-124
68                android:value="com.google.firebase.components.ComponentRegistrar" />
68-->[:firebase_core] AndroidManifest.xml:13:17-82
69            <meta-data
69-->[com.google.firebase:firebase-auth:22.2.0] AndroidManifest.xml:69:13-71:85
70                android:name="com.google.firebase.components:com.google.firebase.auth.FirebaseAuthRegistrar"
70-->[com.google.firebase:firebase-auth:22.2.0] AndroidManifest.xml:70:17-109
71                android:value="com.google.firebase.components.ComponentRegistrar" />
71-->[com.google.firebase:firebase-auth:22.2.0] AndroidManifest.xml:71:17-82
72            <meta-data
72-->[com.google.firebase:firebase-firestore:24.9.1] AndroidManifest.xml:17:13-19:85
73                android:name="com.google.firebase.components:com.google.firebase.firestore.FirebaseFirestoreKtxRegistrar"
73-->[com.google.firebase:firebase-firestore:24.9.1] AndroidManifest.xml:18:17-122
74                android:value="com.google.firebase.components.ComponentRegistrar" />
74-->[com.google.firebase:firebase-firestore:24.9.1] AndroidManifest.xml:19:17-82
75            <meta-data
75-->[com.google.firebase:firebase-firestore:24.9.1] AndroidManifest.xml:20:13-22:85
76                android:name="com.google.firebase.components:com.google.firebase.firestore.FirestoreRegistrar"
76-->[com.google.firebase:firebase-firestore:24.9.1] AndroidManifest.xml:21:17-111
77                android:value="com.google.firebase.components.ComponentRegistrar" />
77-->[com.google.firebase:firebase-firestore:24.9.1] AndroidManifest.xml:22:17-82
78            <meta-data
78-->[com.google.firebase:firebase-dynamic-links:21.2.0] AndroidManifest.xml:24:13-26:85
79                android:name="com.google.firebase.components:com.google.firebase.dynamiclinks.FirebaseDynamicLinksKtxRegistrar"
79-->[com.google.firebase:firebase-dynamic-links:21.2.0] AndroidManifest.xml:25:17-128
80                android:value="com.google.firebase.components.ComponentRegistrar" />
80-->[com.google.firebase:firebase-dynamic-links:21.2.0] AndroidManifest.xml:26:17-82
81            <meta-data
81-->[com.google.firebase:firebase-dynamic-links:21.2.0] AndroidManifest.xml:27:13-29:85
82                android:name="com.google.firebase.components:com.google.firebase.dynamiclinks.internal.FirebaseDynamicLinkRegistrar"
82-->[com.google.firebase:firebase-dynamic-links:21.2.0] AndroidManifest.xml:28:17-133
83                android:value="com.google.firebase.components.ComponentRegistrar" />
83-->[com.google.firebase:firebase-dynamic-links:21.2.0] AndroidManifest.xml:29:17-82
84            <meta-data
84-->[com.google.firebase:firebase-common-ktx:20.4.2] AndroidManifest.xml:12:13-14:85
85                android:name="com.google.firebase.components:com.google.firebase.ktx.FirebaseCommonLegacyRegistrar"
85-->[com.google.firebase:firebase-common-ktx:20.4.2] AndroidManifest.xml:13:17-116
86                android:value="com.google.firebase.components.ComponentRegistrar" />
86-->[com.google.firebase:firebase-common-ktx:20.4.2] AndroidManifest.xml:14:17-82
87            <meta-data
87-->[com.google.firebase:firebase-common:20.4.2] AndroidManifest.xml:35:13-37:85
88                android:name="com.google.firebase.components:com.google.firebase.FirebaseCommonKtxRegistrar"
88-->[com.google.firebase:firebase-common:20.4.2] AndroidManifest.xml:36:17-109
89                android:value="com.google.firebase.components.ComponentRegistrar" />
89-->[com.google.firebase:firebase-common:20.4.2] AndroidManifest.xml:37:17-82
90        </service>
91
92        <activity
92-->[com.google.firebase:firebase-auth:22.2.0] AndroidManifest.xml:29:9-46:20
93            android:name="com.google.firebase.auth.internal.GenericIdpActivity"
93-->[com.google.firebase:firebase-auth:22.2.0] AndroidManifest.xml:30:13-80
94            android:excludeFromRecents="true"
94-->[com.google.firebase:firebase-auth:22.2.0] AndroidManifest.xml:31:13-46
95            android:exported="true"
95-->[com.google.firebase:firebase-auth:22.2.0] AndroidManifest.xml:32:13-36
96            android:launchMode="singleTask"
96-->[com.google.firebase:firebase-auth:22.2.0] AndroidManifest.xml:33:13-44
97            android:theme="@android:style/Theme.Translucent.NoTitleBar" >
97-->[com.google.firebase:firebase-auth:22.2.0] AndroidManifest.xml:34:13-72
98            <intent-filter>
98-->[com.google.firebase:firebase-auth:22.2.0] AndroidManifest.xml:35:13-45:29
99                <action android:name="android.intent.action.VIEW" />
99-->[com.google.firebase:firebase-auth:22.2.0] AndroidManifest.xml:36:17-69
99-->[com.google.firebase:firebase-auth:22.2.0] AndroidManifest.xml:36:25-66
100
101                <category android:name="android.intent.category.DEFAULT" />
101-->[com.google.firebase:firebase-auth:22.2.0] AndroidManifest.xml:38:17-76
101-->[com.google.firebase:firebase-auth:22.2.0] AndroidManifest.xml:38:27-73
102                <category android:name="android.intent.category.BROWSABLE" />
102-->[com.google.firebase:firebase-auth:22.2.0] AndroidManifest.xml:39:17-78
102-->[com.google.firebase:firebase-auth:22.2.0] AndroidManifest.xml:39:27-75
103
104                <data
104-->[com.google.firebase:firebase-auth:22.2.0] AndroidManifest.xml:41:17-44:51
105                    android:host="firebase.auth"
105-->[com.google.firebase:firebase-auth:22.2.0] AndroidManifest.xml:42:21-49
106                    android:path="/"
106-->[com.google.firebase:firebase-auth:22.2.0] AndroidManifest.xml:43:21-37
107                    android:scheme="genericidp" />
107-->[com.google.firebase:firebase-auth:22.2.0] AndroidManifest.xml:44:21-48
108            </intent-filter>
109        </activity>
110        <activity
110-->[com.google.firebase:firebase-auth:22.2.0] AndroidManifest.xml:47:9-64:20
111            android:name="com.google.firebase.auth.internal.RecaptchaActivity"
111-->[com.google.firebase:firebase-auth:22.2.0] AndroidManifest.xml:48:13-79
112            android:excludeFromRecents="true"
112-->[com.google.firebase:firebase-auth:22.2.0] AndroidManifest.xml:49:13-46
113            android:exported="true"
113-->[com.google.firebase:firebase-auth:22.2.0] AndroidManifest.xml:50:13-36
114            android:launchMode="singleTask"
114-->[com.google.firebase:firebase-auth:22.2.0] AndroidManifest.xml:51:13-44
115            android:theme="@android:style/Theme.Translucent.NoTitleBar" >
115-->[com.google.firebase:firebase-auth:22.2.0] AndroidManifest.xml:52:13-72
116            <intent-filter>
116-->[com.google.firebase:firebase-auth:22.2.0] AndroidManifest.xml:53:13-63:29
117                <action android:name="android.intent.action.VIEW" />
117-->[com.google.firebase:firebase-auth:22.2.0] AndroidManifest.xml:36:17-69
117-->[com.google.firebase:firebase-auth:22.2.0] AndroidManifest.xml:36:25-66
118
119                <category android:name="android.intent.category.DEFAULT" />
119-->[com.google.firebase:firebase-auth:22.2.0] AndroidManifest.xml:38:17-76
119-->[com.google.firebase:firebase-auth:22.2.0] AndroidManifest.xml:38:27-73
120                <category android:name="android.intent.category.BROWSABLE" />
120-->[com.google.firebase:firebase-auth:22.2.0] AndroidManifest.xml:39:17-78
120-->[com.google.firebase:firebase-auth:22.2.0] AndroidManifest.xml:39:27-75
121
122                <data
122-->[com.google.firebase:firebase-auth:22.2.0] AndroidManifest.xml:41:17-44:51
123                    android:host="firebase.auth"
123-->[com.google.firebase:firebase-auth:22.2.0] AndroidManifest.xml:42:21-49
124                    android:path="/"
124-->[com.google.firebase:firebase-auth:22.2.0] AndroidManifest.xml:43:21-37
125                    android:scheme="recaptcha" />
125-->[com.google.firebase:firebase-auth:22.2.0] AndroidManifest.xml:44:21-48
126            </intent-filter>
127        </activity>
128
129        <provider
129-->[com.google.firebase:firebase-common:20.4.2] AndroidManifest.xml:23:9-28:39
130            android:name="com.google.firebase.provider.FirebaseInitProvider"
130-->[com.google.firebase:firebase-common:20.4.2] AndroidManifest.xml:24:13-77
131            android:authorities="com.example.exercise_companion.firebaseinitprovider"
131-->[com.google.firebase:firebase-common:20.4.2] AndroidManifest.xml:25:13-72
132            android:directBootAware="true"
132-->[com.google.firebase:firebase-common:20.4.2] AndroidManifest.xml:26:13-43
133            android:exported="false"
133-->[com.google.firebase:firebase-common:20.4.2] AndroidManifest.xml:27:13-37
134            android:initOrder="100" />
134-->[com.google.firebase:firebase-common:20.4.2] AndroidManifest.xml:28:13-36
135
136        <uses-library
136-->[androidx.window:window:1.0.0-beta04] AndroidManifest.xml:25:9-27:40
137            android:name="androidx.window.extensions"
137-->[androidx.window:window:1.0.0-beta04] AndroidManifest.xml:26:13-54
138            android:required="false" />
138-->[androidx.window:window:1.0.0-beta04] AndroidManifest.xml:27:13-37
139        <uses-library
139-->[androidx.window:window:1.0.0-beta04] AndroidManifest.xml:28:9-30:40
140            android:name="androidx.window.sidecar"
140-->[androidx.window:window:1.0.0-beta04] AndroidManifest.xml:29:13-51
141            android:required="false" />
141-->[androidx.window:window:1.0.0-beta04] AndroidManifest.xml:30:13-37
142
143        <activity
143-->[com.google.android.gms:play-services-base:18.0.1] AndroidManifest.xml:20:9-22:45
144            android:name="com.google.android.gms.common.api.GoogleApiActivity"
144-->[com.google.android.gms:play-services-base:18.0.1] AndroidManifest.xml:20:19-85
145            android:exported="false"
145-->[com.google.android.gms:play-services-base:18.0.1] AndroidManifest.xml:22:19-43
146            android:theme="@android:style/Theme.Translucent.NoTitleBar" />
146-->[com.google.android.gms:play-services-base:18.0.1] AndroidManifest.xml:21:19-78
147
148        <meta-data
148-->[com.google.android.gms:play-services-basement:18.1.0] AndroidManifest.xml:21:9-23:69
149            android:name="com.google.android.gms.version"
149-->[com.google.android.gms:play-services-basement:18.1.0] AndroidManifest.xml:22:13-58
150            android:value="@integer/google_play_services_version" />
150-->[com.google.android.gms:play-services-basement:18.1.0] AndroidManifest.xml:23:13-66
151    </application>
152
153</manifest>